{"filter":false,"title":"rspec.log","tooltip":"/bookers2/rspec.log","undoManager":{"mark":0,"position":0,"stack":[[{"start":{"row":147,"column":3},"end":{"row":147,"column":4},"action":"remove","lines":["1"],"id":2},{"start":{"row":147,"column":3},"end":{"row":147,"column":4},"action":"insert","lines":["2"]},{"start":{"row":147,"column":25},"end":{"row":147,"column":38},"action":"remove","lines":[" (FAILED - 4)"]},{"start":{"row":148,"column":3},"end":{"row":148,"column":4},"action":"remove","lines":["1"]},{"start":{"row":148,"column":3},"end":{"row":148,"column":4},"action":"insert","lines":["2"]},{"start":{"row":148,"column":24},"end":{"row":148,"column":37},"action":"remove","lines":[" (FAILED - 5)"]},{"start":{"row":149,"column":3},"end":{"row":149,"column":4},"action":"remove","lines":["1"]},{"start":{"row":149,"column":3},"end":{"row":149,"column":4},"action":"insert","lines":["2"]},{"start":{"row":149,"column":37},"end":{"row":149,"column":50},"action":"remove","lines":[" (FAILED - 6)"]},{"start":{"row":190,"column":43},"end":{"row":190,"column":44},"action":"remove","lines":["7"]},{"start":{"row":190,"column":43},"end":{"row":190,"column":44},"action":"insert","lines":["4"]},{"start":{"row":200,"column":3},"end":{"row":200,"column":4},"action":"remove","lines":["1"]},{"start":{"row":200,"column":3},"end":{"row":200,"column":4},"action":"insert","lines":["2"]},{"start":{"row":200,"column":20},"end":{"row":200,"column":33},"action":"remove","lines":[" (FAILED - 8)"]},{"start":{"row":238,"column":44},"end":{"row":238,"column":45},"action":"remove","lines":["9"]},{"start":{"row":238,"column":44},"end":{"row":238,"column":45},"action":"insert","lines":["5"]},{"start":{"row":242,"column":44},"end":{"row":242,"column":46},"action":"remove","lines":["10"]},{"start":{"row":242,"column":44},"end":{"row":242,"column":45},"action":"insert","lines":["6"]},{"start":{"row":252,"column":44},"end":{"row":252,"column":46},"action":"remove","lines":["11"]},{"start":{"row":252,"column":44},"end":{"row":252,"column":45},"action":"insert","lines":["7"]},{"start":{"row":256,"column":48},"end":{"row":256,"column":50},"action":"remove","lines":["12"]},{"start":{"row":256,"column":48},"end":{"row":256,"column":49},"action":"insert","lines":["8"]},{"start":{"row":266,"column":34},"end":{"row":266,"column":36},"action":"remove","lines":["13"]},{"start":{"row":266,"column":34},"end":{"row":266,"column":35},"action":"insert","lines":["9"]},{"start":{"row":336,"column":29},"end":{"row":516,"column":109},"action":"remove","lines":["投稿編集画面のテスト 編集成功のテスト titleが正しく更新される","     \u001b[31mFailure/Error: \u001b[0mredirect_to book_path(book), \u001b[35mnotice\u001b[0m: \u001b[31m\u001b[1;31m'\u001b[0m\u001b[31mBook was successfully updated.\u001b[1;31m'\u001b[0m\u001b[31m\u001b[0m\u001b[0m","     \u001b[31m\u001b[0m","     \u001b[31mNameError:\u001b[0m","     \u001b[31m  undefined local variable or method `book' for #<BooksController:0x00000000043a7f60>\u001b[0m","     \u001b[31m  Did you mean?  @book\u001b[0m","     \u001b[31m\u001b[0m","     \u001b[31m\u001b[0m","     \u001b[31m\u001b[0m","     \u001b[36m# ./app/controllers/books_controller.rb:33:in `update'\u001b[0m","     \u001b[36m# /home/ec2-user/.rvm/gems/ruby-2.6.3/gems/warden-1.2.9/lib/warden/manager.rb:36:in `block in call'\u001b[0m","     \u001b[36m# /home/ec2-user/.rvm/gems/ruby-2.6.3/gems/warden-1.2.9/lib/warden/manager.rb:34:in `catch'\u001b[0m","     \u001b[36m# /home/ec2-user/.rvm/gems/ruby-2.6.3/gems/warden-1.2.9/lib/warden/manager.rb:34:in `call'\u001b[0m","     \u001b[36m# /home/ec2-user/.rvm/gems/ruby-2.6.3/gems/rack-2.2.3/lib/rack/tempfile_reaper.rb:15:in `call'\u001b[0m","     \u001b[36m# /home/ec2-user/.rvm/gems/ruby-2.6.3/gems/rack-2.2.3/lib/rack/etag.rb:27:in `call'\u001b[0m","     \u001b[36m# /home/ec2-user/.rvm/gems/ruby-2.6.3/gems/rack-2.2.3/lib/rack/conditional_get.rb:40:in `call'\u001b[0m","     \u001b[36m# /home/ec2-user/.rvm/gems/ruby-2.6.3/gems/rack-2.2.3/lib/rack/head.rb:12:in `call'\u001b[0m","     \u001b[36m# /home/ec2-user/.rvm/gems/ruby-2.6.3/gems/rack-2.2.3/lib/rack/session/abstract/id.rb:266:in `context'\u001b[0m","     \u001b[36m# /home/ec2-user/.rvm/gems/ruby-2.6.3/gems/rack-2.2.3/lib/rack/session/abstract/id.rb:260:in `call'\u001b[0m","     \u001b[36m# /home/ec2-user/.rvm/gems/ruby-2.6.3/gems/railties-5.2.4.4/lib/rails/rack/logger.rb:38:in `call_app'\u001b[0m","     \u001b[36m# /home/ec2-user/.rvm/gems/ruby-2.6.3/gems/railties-5.2.4.4/lib/rails/rack/logger.rb:26:in `block in call'\u001b[0m","     \u001b[36m# /home/ec2-user/.rvm/gems/ruby-2.6.3/gems/railties-5.2.4.4/lib/rails/rack/logger.rb:26:in `call'\u001b[0m","     \u001b[36m# /home/ec2-user/.rvm/gems/ruby-2.6.3/gems/rack-2.2.3/lib/rack/method_override.rb:24:in `call'\u001b[0m","     \u001b[36m# /home/ec2-user/.rvm/gems/ruby-2.6.3/gems/rack-2.2.3/lib/rack/runtime.rb:22:in `call'\u001b[0m","     \u001b[36m# /home/ec2-user/.rvm/gems/ruby-2.6.3/gems/rack-2.2.3/lib/rack/sendfile.rb:110:in `call'\u001b[0m","     \u001b[36m# /home/ec2-user/.rvm/gems/ruby-2.6.3/gems/railties-5.2.4.4/lib/rails/engine.rb:524:in `call'\u001b[0m","     \u001b[36m# /home/ec2-user/.rvm/gems/ruby-2.6.3/gems/rack-2.2.3/lib/rack/urlmap.rb:74:in `block in call'\u001b[0m","     \u001b[36m# /home/ec2-user/.rvm/gems/ruby-2.6.3/gems/rack-2.2.3/lib/rack/urlmap.rb:58:in `each'\u001b[0m","     \u001b[36m# /home/ec2-user/.rvm/gems/ruby-2.6.3/gems/rack-2.2.3/lib/rack/urlmap.rb:58:in `call'\u001b[0m","     \u001b[36m# /home/ec2-user/.rvm/gems/ruby-2.6.3/gems/rack-2.2.3/lib/rack/builder.rb:244:in `call'\u001b[0m","     \u001b[36m# /home/ec2-user/.rvm/gems/ruby-2.6.3/gems/rack-test-1.1.0/lib/rack/mock_session.rb:29:in `request'\u001b[0m","     \u001b[36m# /home/ec2-user/.rvm/gems/ruby-2.6.3/gems/rack-test-1.1.0/lib/rack/test.rb:266:in `process_request'\u001b[0m","     \u001b[36m# /home/ec2-user/.rvm/gems/ruby-2.6.3/gems/rack-test-1.1.0/lib/rack/test.rb:129:in `custom_request'\u001b[0m","     \u001b[36m# /home/ec2-user/.rvm/gems/ruby-2.6.3/gems/rack-test-1.1.0/lib/rack/test.rb:66:in `post'\u001b[0m","     \u001b[36m# /home/ec2-user/.rvm/gems/ruby-2.6.3/gems/capybara-3.33.0/lib/capybara/rack_test/browser.rb:70:in `process'\u001b[0m","     \u001b[36m# /home/ec2-user/.rvm/gems/ruby-2.6.3/gems/capybara-3.33.0/lib/capybara/rack_test/browser.rb:45:in `process_and_follow_redirects'\u001b[0m","     \u001b[36m# /home/ec2-user/.rvm/gems/ruby-2.6.3/gems/capybara-3.33.0/lib/capybara/rack_test/browser.rb:35:in `submit'\u001b[0m","     \u001b[36m# /home/ec2-user/.rvm/gems/ruby-2.6.3/gems/capybara-3.33.0/lib/capybara/rack_test/form.rb:43:in `submit'\u001b[0m","     \u001b[36m# /home/ec2-user/.rvm/gems/ruby-2.6.3/gems/capybara-3.33.0/lib/capybara/rack_test/node.rb:75:in `click'\u001b[0m","     \u001b[36m# /home/ec2-user/.rvm/gems/ruby-2.6.3/gems/capybara-3.33.0/lib/capybara/rack_test/node.rb:137:in `block (2 levels) in <class:Node>'\u001b[0m","     \u001b[36m# /home/ec2-user/.rvm/gems/ruby-2.6.3/gems/capybara-3.33.0/lib/capybara/node/element.rb:172:in `block in click'\u001b[0m","     \u001b[36m# /home/ec2-user/.rvm/gems/ruby-2.6.3/gems/capybara-3.33.0/lib/capybara/node/element.rb:601:in `block in perform_click_action'\u001b[0m","     \u001b[36m# /home/ec2-user/.rvm/gems/ruby-2.6.3/gems/capybara-3.33.0/lib/capybara/node/base.rb:83:in `synchronize'\u001b[0m","     \u001b[36m# /home/ec2-user/.rvm/gems/ruby-2.6.3/gems/capybara-3.33.0/lib/capybara/node/element.rb:601:in `perform_click_action'\u001b[0m","     \u001b[36m# /home/ec2-user/.rvm/gems/ruby-2.6.3/gems/capybara-3.33.0/lib/capybara/node/element.rb:171:in `click'\u001b[0m","     \u001b[36m# /home/ec2-user/.rvm/gems/ruby-2.6.3/gems/capybara-3.33.0/lib/capybara/node/actions.rb:58:in `click_button'\u001b[0m","     \u001b[36m# /home/ec2-user/.rvm/gems/ruby-2.6.3/gems/capybara-3.33.0/lib/capybara/session.rb:759:in `block (2 levels) in <class:Session>'\u001b[0m","     \u001b[36m# /home/ec2-user/.rvm/gems/ruby-2.6.3/gems/capybara-3.33.0/lib/capybara/dsl.rb:58:in `block (2 levels) in <module:DSL>'\u001b[0m","     \u001b[36m# ./spec/system/02_after_login_spec.rb:232:in `block (4 levels) in <main>'\u001b[0m","","  5) [STEP2] ユーザログイン後のテスト 自分の投稿編集画面のテスト 編集成功のテスト bodyが正しく更新される","     \u001b[31mFailure/Error: \u001b[0mredirect_to book_path(book), \u001b[35mnotice\u001b[0m: \u001b[31m\u001b[1;31m'\u001b[0m\u001b[31mBook was successfully updated.\u001b[1;31m'\u001b[0m\u001b[31m\u001b[0m\u001b[0m","     \u001b[31m\u001b[0m","     \u001b[31mNameError:\u001b[0m","     \u001b[31m  undefined local variable or method `book' for #<BooksController:0x0000000008825318>\u001b[0m","     \u001b[31m  Did you mean?  @book\u001b[0m","     \u001b[31m\u001b[0m","     \u001b[31m\u001b[0m","     \u001b[31m\u001b[0m","     \u001b[36m# ./app/controllers/books_controller.rb:33:in `update'\u001b[0m","     \u001b[36m# /home/ec2-user/.rvm/gems/ruby-2.6.3/gems/warden-1.2.9/lib/warden/manager.rb:36:in `block in call'\u001b[0m","     \u001b[36m# /home/ec2-user/.rvm/gems/ruby-2.6.3/gems/warden-1.2.9/lib/warden/manager.rb:34:in `catch'\u001b[0m","     \u001b[36m# /home/ec2-user/.rvm/gems/ruby-2.6.3/gems/warden-1.2.9/lib/warden/manager.rb:34:in `call'\u001b[0m","     \u001b[36m# /home/ec2-user/.rvm/gems/ruby-2.6.3/gems/rack-2.2.3/lib/rack/tempfile_reaper.rb:15:in `call'\u001b[0m","     \u001b[36m# /home/ec2-user/.rvm/gems/ruby-2.6.3/gems/rack-2.2.3/lib/rack/etag.rb:27:in `call'\u001b[0m","     \u001b[36m# /home/ec2-user/.rvm/gems/ruby-2.6.3/gems/rack-2.2.3/lib/rack/conditional_get.rb:40:in `call'\u001b[0m","     \u001b[36m# /home/ec2-user/.rvm/gems/ruby-2.6.3/gems/rack-2.2.3/lib/rack/head.rb:12:in `call'\u001b[0m","     \u001b[36m# /home/ec2-user/.rvm/gems/ruby-2.6.3/gems/rack-2.2.3/lib/rack/session/abstract/id.rb:266:in `context'\u001b[0m","     \u001b[36m# /home/ec2-user/.rvm/gems/ruby-2.6.3/gems/rack-2.2.3/lib/rack/session/abstract/id.rb:260:in `call'\u001b[0m","     \u001b[36m# /home/ec2-user/.rvm/gems/ruby-2.6.3/gems/railties-5.2.4.4/lib/rails/rack/logger.rb:38:in `call_app'\u001b[0m","     \u001b[36m# /home/ec2-user/.rvm/gems/ruby-2.6.3/gems/railties-5.2.4.4/lib/rails/rack/logger.rb:26:in `block in call'\u001b[0m","     \u001b[36m# /home/ec2-user/.rvm/gems/ruby-2.6.3/gems/railties-5.2.4.4/lib/rails/rack/logger.rb:26:in `call'\u001b[0m","     \u001b[36m# /home/ec2-user/.rvm/gems/ruby-2.6.3/gems/rack-2.2.3/lib/rack/method_override.rb:24:in `call'\u001b[0m","     \u001b[36m# /home/ec2-user/.rvm/gems/ruby-2.6.3/gems/rack-2.2.3/lib/rack/runtime.rb:22:in `call'\u001b[0m","     \u001b[36m# /home/ec2-user/.rvm/gems/ruby-2.6.3/gems/rack-2.2.3/lib/rack/sendfile.rb:110:in `call'\u001b[0m","     \u001b[36m# /home/ec2-user/.rvm/gems/ruby-2.6.3/gems/railties-5.2.4.4/lib/rails/engine.rb:524:in `call'\u001b[0m","     \u001b[36m# /home/ec2-user/.rvm/gems/ruby-2.6.3/gems/rack-2.2.3/lib/rack/urlmap.rb:74:in `block in call'\u001b[0m","     \u001b[36m# /home/ec2-user/.rvm/gems/ruby-2.6.3/gems/rack-2.2.3/lib/rack/urlmap.rb:58:in `each'\u001b[0m","     \u001b[36m# /home/ec2-user/.rvm/gems/ruby-2.6.3/gems/rack-2.2.3/lib/rack/urlmap.rb:58:in `call'\u001b[0m","     \u001b[36m# /home/ec2-user/.rvm/gems/ruby-2.6.3/gems/rack-2.2.3/lib/rack/builder.rb:244:in `call'\u001b[0m","     \u001b[36m# /home/ec2-user/.rvm/gems/ruby-2.6.3/gems/rack-test-1.1.0/lib/rack/mock_session.rb:29:in `request'\u001b[0m","     \u001b[36m# /home/ec2-user/.rvm/gems/ruby-2.6.3/gems/rack-test-1.1.0/lib/rack/test.rb:266:in `process_request'\u001b[0m","     \u001b[36m# /home/ec2-user/.rvm/gems/ruby-2.6.3/gems/rack-test-1.1.0/lib/rack/test.rb:129:in `custom_request'\u001b[0m","     \u001b[36m# /home/ec2-user/.rvm/gems/ruby-2.6.3/gems/rack-test-1.1.0/lib/rack/test.rb:66:in `post'\u001b[0m","     \u001b[36m# /home/ec2-user/.rvm/gems/ruby-2.6.3/gems/capybara-3.33.0/lib/capybara/rack_test/browser.rb:70:in `process'\u001b[0m","     \u001b[36m# /home/ec2-user/.rvm/gems/ruby-2.6.3/gems/capybara-3.33.0/lib/capybara/rack_test/browser.rb:45:in `process_and_follow_redirects'\u001b[0m","     \u001b[36m# /home/ec2-user/.rvm/gems/ruby-2.6.3/gems/capybara-3.33.0/lib/capybara/rack_test/browser.rb:35:in `submit'\u001b[0m","     \u001b[36m# /home/ec2-user/.rvm/gems/ruby-2.6.3/gems/capybara-3.33.0/lib/capybara/rack_test/form.rb:43:in `submit'\u001b[0m","     \u001b[36m# /home/ec2-user/.rvm/gems/ruby-2.6.3/gems/capybara-3.33.0/lib/capybara/rack_test/node.rb:75:in `click'\u001b[0m","     \u001b[36m# /home/ec2-user/.rvm/gems/ruby-2.6.3/gems/capybara-3.33.0/lib/capybara/rack_test/node.rb:137:in `block (2 levels) in <class:Node>'\u001b[0m","     \u001b[36m# /home/ec2-user/.rvm/gems/ruby-2.6.3/gems/capybara-3.33.0/lib/capybara/node/element.rb:172:in `block in click'\u001b[0m","     \u001b[36m# /home/ec2-user/.rvm/gems/ruby-2.6.3/gems/capybara-3.33.0/lib/capybara/node/element.rb:601:in `block in perform_click_action'\u001b[0m","     \u001b[36m# /home/ec2-user/.rvm/gems/ruby-2.6.3/gems/capybara-3.33.0/lib/capybara/node/base.rb:83:in `synchronize'\u001b[0m","     \u001b[36m# /home/ec2-user/.rvm/gems/ruby-2.6.3/gems/capybara-3.33.0/lib/capybara/node/element.rb:601:in `perform_click_action'\u001b[0m","     \u001b[36m# /home/ec2-user/.rvm/gems/ruby-2.6.3/gems/capybara-3.33.0/lib/capybara/node/element.rb:171:in `click'\u001b[0m","     \u001b[36m# /home/ec2-user/.rvm/gems/ruby-2.6.3/gems/capybara-3.33.0/lib/capybara/node/actions.rb:58:in `click_button'\u001b[0m","     \u001b[36m# /home/ec2-user/.rvm/gems/ruby-2.6.3/gems/capybara-3.33.0/lib/capybara/session.rb:759:in `block (2 levels) in <class:Session>'\u001b[0m","     \u001b[36m# /home/ec2-user/.rvm/gems/ruby-2.6.3/gems/capybara-3.33.0/lib/capybara/dsl.rb:58:in `block (2 levels) in <module:DSL>'\u001b[0m","     \u001b[36m# ./spec/system/02_after_login_spec.rb:232:in `block (4 levels) in <main>'\u001b[0m","","  6) [STEP2] ユーザログイン後のテスト 自分の投稿編集画面のテスト 編集成功のテスト リダイレクト先が、更新した投稿の詳細画面になっている","     \u001b[31mFailure/Error: \u001b[0mredirect_to book_path(book), \u001b[35mnotice\u001b[0m: \u001b[31m\u001b[1;31m'\u001b[0m\u001b[31mBook was successfully updated.\u001b[1;31m'\u001b[0m\u001b[31m\u001b[0m\u001b[0m","     \u001b[31m\u001b[0m","     \u001b[31mNameError:\u001b[0m","     \u001b[31m  undefined local variable or method `book' for #<BooksController:0x00000000091ad430>\u001b[0m","     \u001b[31m  Did you mean?  @book\u001b[0m","     \u001b[31m\u001b[0m","     \u001b[31m\u001b[0m","     \u001b[31m\u001b[0m","     \u001b[36m# ./app/controllers/books_controller.rb:33:in `update'\u001b[0m","     \u001b[36m# /home/ec2-user/.rvm/gems/ruby-2.6.3/gems/warden-1.2.9/lib/warden/manager.rb:36:in `block in call'\u001b[0m","     \u001b[36m# /home/ec2-user/.rvm/gems/ruby-2.6.3/gems/warden-1.2.9/lib/warden/manager.rb:34:in `catch'\u001b[0m","     \u001b[36m# /home/ec2-user/.rvm/gems/ruby-2.6.3/gems/warden-1.2.9/lib/warden/manager.rb:34:in `call'\u001b[0m","     \u001b[36m# /home/ec2-user/.rvm/gems/ruby-2.6.3/gems/rack-2.2.3/lib/rack/tempfile_reaper.rb:15:in `call'\u001b[0m","     \u001b[36m# /home/ec2-user/.rvm/gems/ruby-2.6.3/gems/rack-2.2.3/lib/rack/etag.rb:27:in `call'\u001b[0m","     \u001b[36m# /home/ec2-user/.rvm/gems/ruby-2.6.3/gems/rack-2.2.3/lib/rack/conditional_get.rb:40:in `call'\u001b[0m","     \u001b[36m# /home/ec2-user/.rvm/gems/ruby-2.6.3/gems/rack-2.2.3/lib/rack/head.rb:12:in `call'\u001b[0m","     \u001b[36m# /home/ec2-user/.rvm/gems/ruby-2.6.3/gems/rack-2.2.3/lib/rack/session/abstract/id.rb:266:in `context'\u001b[0m","     \u001b[36m# /home/ec2-user/.rvm/gems/ruby-2.6.3/gems/rack-2.2.3/lib/rack/session/abstract/id.rb:260:in `call'\u001b[0m","     \u001b[36m# /home/ec2-user/.rvm/gems/ruby-2.6.3/gems/railties-5.2.4.4/lib/rails/rack/logger.rb:38:in `call_app'\u001b[0m","     \u001b[36m# /home/ec2-user/.rvm/gems/ruby-2.6.3/gems/railties-5.2.4.4/lib/rails/rack/logger.rb:26:in `block in call'\u001b[0m","     \u001b[36m# /home/ec2-user/.rvm/gems/ruby-2.6.3/gems/railties-5.2.4.4/lib/rails/rack/logger.rb:26:in `call'\u001b[0m","     \u001b[36m# /home/ec2-user/.rvm/gems/ruby-2.6.3/gems/rack-2.2.3/lib/rack/method_override.rb:24:in `call'\u001b[0m","     \u001b[36m# /home/ec2-user/.rvm/gems/ruby-2.6.3/gems/rack-2.2.3/lib/rack/runtime.rb:22:in `call'\u001b[0m","     \u001b[36m# /home/ec2-user/.rvm/gems/ruby-2.6.3/gems/rack-2.2.3/lib/rack/sendfile.rb:110:in `call'\u001b[0m","     \u001b[36m# /home/ec2-user/.rvm/gems/ruby-2.6.3/gems/railties-5.2.4.4/lib/rails/engine.rb:524:in `call'\u001b[0m","     \u001b[36m# /home/ec2-user/.rvm/gems/ruby-2.6.3/gems/rack-2.2.3/lib/rack/urlmap.rb:74:in `block in call'\u001b[0m","     \u001b[36m# /home/ec2-user/.rvm/gems/ruby-2.6.3/gems/rack-2.2.3/lib/rack/urlmap.rb:58:in `each'\u001b[0m","     \u001b[36m# /home/ec2-user/.rvm/gems/ruby-2.6.3/gems/rack-2.2.3/lib/rack/urlmap.rb:58:in `call'\u001b[0m","     \u001b[36m# /home/ec2-user/.rvm/gems/ruby-2.6.3/gems/rack-2.2.3/lib/rack/builder.rb:244:in `call'\u001b[0m","     \u001b[36m# /home/ec2-user/.rvm/gems/ruby-2.6.3/gems/rack-test-1.1.0/lib/rack/mock_session.rb:29:in `request'\u001b[0m","     \u001b[36m# /home/ec2-user/.rvm/gems/ruby-2.6.3/gems/rack-test-1.1.0/lib/rack/test.rb:266:in `process_request'\u001b[0m","     \u001b[36m# /home/ec2-user/.rvm/gems/ruby-2.6.3/gems/rack-test-1.1.0/lib/rack/test.rb:129:in `custom_request'\u001b[0m","     \u001b[36m# /home/ec2-user/.rvm/gems/ruby-2.6.3/gems/rack-test-1.1.0/lib/rack/test.rb:66:in `post'\u001b[0m","     \u001b[36m# /home/ec2-user/.rvm/gems/ruby-2.6.3/gems/capybara-3.33.0/lib/capybara/rack_test/browser.rb:70:in `process'\u001b[0m","     \u001b[36m# /home/ec2-user/.rvm/gems/ruby-2.6.3/gems/capybara-3.33.0/lib/capybara/rack_test/browser.rb:45:in `process_and_follow_redirects'\u001b[0m","     \u001b[36m# /home/ec2-user/.rvm/gems/ruby-2.6.3/gems/capybara-3.33.0/lib/capybara/rack_test/browser.rb:35:in `submit'\u001b[0m","     \u001b[36m# /home/ec2-user/.rvm/gems/ruby-2.6.3/gems/capybara-3.33.0/lib/capybara/rack_test/form.rb:43:in `submit'\u001b[0m","     \u001b[36m# /home/ec2-user/.rvm/gems/ruby-2.6.3/gems/capybara-3.33.0/lib/capybara/rack_test/node.rb:75:in `click'\u001b[0m","     \u001b[36m# /home/ec2-user/.rvm/gems/ruby-2.6.3/gems/capybara-3.33.0/lib/capybara/rack_test/node.rb:137:in `block (2 levels) in <class:Node>'\u001b[0m","     \u001b[36m# /home/ec2-user/.rvm/gems/ruby-2.6.3/gems/capybara-3.33.0/lib/capybara/node/element.rb:172:in `block in click'\u001b[0m","     \u001b[36m# /home/ec2-user/.rvm/gems/ruby-2.6.3/gems/capybara-3.33.0/lib/capybara/node/element.rb:601:in `block in perform_click_action'\u001b[0m","     \u001b[36m# /home/ec2-user/.rvm/gems/ruby-2.6.3/gems/capybara-3.33.0/lib/capybara/node/base.rb:83:in `synchronize'\u001b[0m","     \u001b[36m# /home/ec2-user/.rvm/gems/ruby-2.6.3/gems/capybara-3.33.0/lib/capybara/node/element.rb:601:in `perform_click_action'\u001b[0m","     \u001b[36m# /home/ec2-user/.rvm/gems/ruby-2.6.3/gems/capybara-3.33.0/lib/capybara/node/element.rb:171:in `click'\u001b[0m","     \u001b[36m# /home/ec2-user/.rvm/gems/ruby-2.6.3/gems/capybara-3.33.0/lib/capybara/node/actions.rb:58:in `click_button'\u001b[0m","     \u001b[36m# /home/ec2-user/.rvm/gems/ruby-2.6.3/gems/capybara-3.33.0/lib/capybara/session.rb:759:in `block (2 levels) in <class:Session>'\u001b[0m","     \u001b[36m# /home/ec2-user/.rvm/gems/ruby-2.6.3/gems/capybara-3.33.0/lib/capybara/dsl.rb:58:in `block (2 levels) in <module:DSL>'\u001b[0m","     \u001b[36m# ./spec/system/02_after_login_spec.rb:232:in `block (4 levels) in <main>'\u001b[0m","","  7) [STEP2] ユーザログイン後のテスト 自分のユーザ情報編集画面のテスト 更新成功のテスト introductionが正しく更新される","     \u001b[31mFailure/Error: \u001b[0m\u001b[32mexpect\u001b[0m(user.reload.introduction).not_to eq @user_old_intrpduction\u001b[0m","     \u001b[31m\u001b[0m","     \u001b[31m  expected: value != \"j8jnzglqgbzkkmf7k8fr\"\u001b[0m","     \u001b[31m       got: \"j8jnzglqgbzkkmf7k8fr\"\u001b[0m","     \u001b[31m\u001b[0m","     \u001b[31m  (compared using ==)\u001b[0m","     \u001b[31m\u001b[0m","     \u001b[31m\u001b[0m","     \u001b[31m\u001b[0m","     \u001b[36m# ./spec/system/02_after_login_spec.rb:389:in `block (4 levels) in <main>'\u001b[0m","","  8) [STEP3] 仕上げのテスト サクセスメッセージのテスト 投稿データの更新成功時","     \u001b[31mFailure/Error: \u001b[0mredirect_to book_path(book), \u001b[35mnotice\u001b[0m: \u001b[31m\u001b[1;31m'\u001b[0m\u001b[31mBook was successfully updated.\u001b[1;31m'\u001b[0m\u001b[31m\u001b[0m\u001b[0m","     \u001b[31m\u001b[0m","     \u001b[31mNameError:\u001b[0m","     \u001b[31m  undefined local variable or method `book' for #<BooksController:0x000000000a85eff8>\u001b[0m","     \u001b[31m  Did you mean?  @book\u001b[0m","     \u001b[31m\u001b[0m","     \u001b[31m\u001b[0m","     \u001b[31m\u001b[0m","     \u001b[36m# ./app/controllers/books_controller.rb:33:in `update'\u001b[0m","     \u001b[36m# /home/ec2-user/.rvm/gems/ruby-2.6.3/gems/warden-1.2.9/lib/warden/manager.rb:36:in `block in call'\u001b[0m","     \u001b[36m# /home/ec2-user/.rvm/gems/ruby-2.6.3/gems/warden-1.2.9/lib/warden/manager.rb:34:in `catch'\u001b[0m","     \u001b[36m# /home/ec2-user/.rvm/gems/ruby-2.6.3/gems/warden-1.2.9/lib/warden/manager.rb:34:in `call'\u001b[0m","     \u001b[36m# /home/ec2-user/.rvm/gems/ruby-2.6.3/gems/rack-2.2.3/lib/rack/tempfile_reaper.rb:15:in `call'\u001b[0m","     \u001b[36m# /home/ec2-user/.rvm/gems/ruby-2.6.3/gems/rack-2.2.3/lib/rack/etag.rb:27:in `call'\u001b[0m","     \u001b[36m# /home/ec2-user/.rvm/gems/ruby-2.6.3/gems/rack-2.2.3/lib/rack/conditional_get.rb:40:in `call'\u001b[0m","     \u001b[36m# /home/ec2-user/.rvm/gems/ruby-2.6.3/gems/rack-2.2.3/lib/rack/head.rb:12:in `call'\u001b[0m","     \u001b[36m# /home/ec2-user/.rvm/gems/ruby-2.6.3/gems/rack-2.2.3/lib/rack/session/abstract/id.rb:266:in `context'\u001b[0m","     \u001b[36m# /home/ec2-user/.rvm/gems/ruby-2.6.3/gems/rack-2.2.3/lib/rack/session/abstract/id.rb:260:in `call'"]},{"start":{"row":336,"column":29},"end":{"row":395,"column":10},"action":"insert","lines":["ユーザ情報編集画面のテスト 更新成功のテスト introductionが正しく更新される","     \u001b[31mFailure/Error: \u001b[0m\u001b[32mexpect\u001b[0m(user.reload.introduction).not_to eq @user_old_intrpduction\u001b[0m","     \u001b[31m\u001b[0m","     \u001b[31m  expected: value != \"of3et1vq4k7f4cj4ypu6\"\u001b[0m","     \u001b[31m       got: \"of3et1vq4k7f4cj4ypu6\"\u001b[0m","     \u001b[31m\u001b[0m","     \u001b[31m  (compared using ==)\u001b[0m","     \u001b[31m\u001b[0m","     \u001b[31m\u001b[0m","     \u001b[31m\u001b[0m","     \u001b[36m# ./spec/system/02_after_login_spec.rb:389:in `block (4 levels) in <main>'\u001b[0m","","  5) [STEP3] 仕上げのテスト 他人の画面のテスト 他人の投稿詳細画面のテスト サイドバーの確認 他人のユーザ編集画面へのリンクが存在する","     \u001b[31mFailure/Error: \u001b[0m\u001b[32mexpect\u001b[0m(page).to have_link \u001b[31m\u001b[1;31m'\u001b[0m\u001b[31m\u001b[1;31m'\u001b[0m\u001b[31m\u001b[0m, \u001b[35mhref\u001b[0m: edit_user_path(other_user)\u001b[0m","     \u001b[31m  expected to find link \"\" with href \"/users/1/edit\" but there were no matches\u001b[0m","     \u001b[31m\u001b[0m","     \u001b[31m\u001b[0m","     \u001b[31m\u001b[0m","     \u001b[36m# ./spec/system/03_finishing_touches_spec.rb:248:in `block (5 levels) in <main>'\u001b[0m","","  6) [STEP3] 仕上げのテスト 他人の画面のテスト 他人の投稿編集画面 遷移できず、投稿一覧画面にリダイレクトされる","     \u001b[31mFailure/Error: \u001b[0m\u001b[32mexpect\u001b[0m(current_path).to eq \u001b[31m\u001b[1;31m'\u001b[0m\u001b[31m/books\u001b[1;31m'\u001b[0m\u001b[31m\u001b[0m\u001b[0m","     \u001b[31m\u001b[0m","     \u001b[31m  expected: \"/books\"\u001b[0m","     \u001b[31m       got: \"/books/2/edit\"\u001b[0m","     \u001b[31m\u001b[0m","     \u001b[31m  (compared using ==)\u001b[0m","     \u001b[31m\u001b[0m","     \u001b[31m\u001b[0m","     \u001b[31m\u001b[0m","     \u001b[36m# ./spec/system/03_finishing_touches_spec.rb:263:in `block (4 levels) in <main>'\u001b[0m","","  7) [STEP3] 仕上げのテスト 他人の画面のテスト 他人のユーザ詳細画面のテスト サイドバーの確認 他人のユーザ編集画面へのリンクが存在する","     \u001b[31mFailure/Error: \u001b[0m\u001b[32mexpect\u001b[0m(page).to have_link \u001b[31m\u001b[1;31m'\u001b[0m\u001b[31m\u001b[1;31m'\u001b[0m\u001b[31m\u001b[0m, \u001b[35mhref\u001b[0m: edit_user_path(other_user)\u001b[0m","     \u001b[31m  expected to find link \"\" with href \"/users/1/edit\" but there were no matches\u001b[0m","     \u001b[31m\u001b[0m","     \u001b[31m\u001b[0m","     \u001b[31m\u001b[0m","     \u001b[36m# ./spec/system/03_finishing_touches_spec.rb:297:in `block (5 levels) in <main>'\u001b[0m","","  8) [STEP3] 仕上げのテスト 他人の画面のテスト 他人のユーザ情報編集画面 遷移できず、自分のユーザ詳細画面にリダイレクトされる","     \u001b[31mFailure/Error: \u001b[0m\u001b[32mexpect\u001b[0m(current_path).to eq \u001b[31m\u001b[1;31m'\u001b[0m\u001b[31m/users/\u001b[1;31m'\u001b[0m\u001b[31m\u001b[0m + user.id.to_s\u001b[0m","     \u001b[31m\u001b[0m","     \u001b[31m  expected: \"/users/2\"\u001b[0m","     \u001b[31m       got: \"/users/1/edit\"\u001b[0m","     \u001b[31m\u001b[0m","     \u001b[31m  (compared using ==)\u001b[0m","     \u001b[31m\u001b[0m","     \u001b[31m\u001b[0m","     \u001b[31m\u001b[0m","     \u001b[36m# ./spec/system/03_finishing_touches_spec.rb:312:in `block (4 levels) in <main>'\u001b[0m","","  9) [STEP3] 仕上げのテスト アイコンのテスト アバウト画面 本のアイコンが表示される","     \u001b[31mFailure/Error: \u001b[0mvisit \u001b[31m\u001b[1;31m'\u001b[0m\u001b[31m/home/about\u001b[1;31m'\u001b[0m\u001b[31m\u001b[0m\u001b[0m","     \u001b[31m\u001b[0m","     \u001b[31mActionController::RoutingError:\u001b[0m","     \u001b[31m  No route matches [GET] \"/home/about\"\u001b[0m","     \u001b[31m\u001b[0m","     \u001b[31m\u001b[0m","     \u001b[31m"]},{"start":{"row":410,"column":86},"end":{"row":410,"column":88},"action":"remove","lines":["66"]},{"start":{"row":410,"column":86},"end":{"row":410,"column":88},"action":"insert","lines":["58"]},{"start":{"row":410,"column":93},"end":{"row":410,"column":96},"action":"remove","lines":["pos"]},{"start":{"row":410,"column":93},"end":{"row":410,"column":95},"action":"insert","lines":["ge"]},{"start":{"row":413,"column":103},"end":{"row":510,"column":109},"action":"remove","lines":["35:in `submit'\u001b[0m","     \u001b[36m# /home/ec2-user/.rvm/gems/ruby-2.6.3/gems/capybara-3.33.0/lib/capybara/rack_test/form.rb:43:in `submit'\u001b[0m","     \u001b[36m# /home/ec2-user/.rvm/gems/ruby-2.6.3/gems/capybara-3.33.0/lib/capybara/rack_test/node.rb:75:in `click'\u001b[0m","     \u001b[36m# /home/ec2-user/.rvm/gems/ruby-2.6.3/gems/capybara-3.33.0/lib/capybara/rack_test/node.rb:137:in `block (2 levels) in <class:Node>'\u001b[0m","     \u001b[36m# /home/ec2-user/.rvm/gems/ruby-2.6.3/gems/capybara-3.33.0/lib/capybara/node/element.rb:172:in `block in click'\u001b[0m","     \u001b[36m# /home/ec2-user/.rvm/gems/ruby-2.6.3/gems/capybara-3.33.0/lib/capybara/node/element.rb:601:in `block in perform_click_action'\u001b[0m","     \u001b[36m# /home/ec2-user/.rvm/gems/ruby-2.6.3/gems/capybara-3.33.0/lib/capybara/node/base.rb:83:in `synchronize'\u001b[0m","     \u001b[36m# /home/ec2-user/.rvm/gems/ruby-2.6.3/gems/capybara-3.33.0/lib/capybara/node/element.rb:601:in `perform_click_action'\u001b[0m","     \u001b[36m# /home/ec2-user/.rvm/gems/ruby-2.6.3/gems/capybara-3.33.0/lib/capybara/node/element.rb:171:in `click'\u001b[0m","     \u001b[36m# /home/ec2-user/.rvm/gems/ruby-2.6.3/gems/capybara-3.33.0/lib/capybara/node/actions.rb:58:in `click_button'\u001b[0m","     \u001b[36m# /home/ec2-user/.rvm/gems/ruby-2.6.3/gems/capybara-3.33.0/lib/capybara/session.rb:759:in `block (2 levels) in <class:Session>'\u001b[0m","     \u001b[36m# /home/ec2-user/.rvm/gems/ruby-2.6.3/gems/capybara-3.33.0/lib/capybara/dsl.rb:58:in `block (2 levels) in <module:DSL>'\u001b[0m","     \u001b[36m# ./spec/system/03_finishing_touches_spec.rb:64:in `block (3 levels) in <main>'\u001b[0m","","  9) [STEP3] 仕上げのテスト 他人の画面のテスト 他人の投稿詳細画面のテスト サイドバーの確認 他人のユーザ編集画面へのリンクが存在する","     \u001b[31mFailure/Error: \u001b[0m\u001b[32mexpect\u001b[0m(page).to have_link \u001b[31m\u001b[1;31m'\u001b[0m\u001b[31m\u001b[1;31m'\u001b[0m\u001b[31m\u001b[0m, \u001b[35mhref\u001b[0m: edit_user_path(other_user)\u001b[0m","     \u001b[31m  expected to find link \"\" with href \"/users/1/edit\" but there were no matches\u001b[0m","     \u001b[31m\u001b[0m","     \u001b[31m\u001b[0m","     \u001b[31m\u001b[0m","     \u001b[36m# ./spec/system/03_finishing_touches_spec.rb:248:in `block (5 levels) in <main>'\u001b[0m","","  10) [STEP3] 仕上げのテスト 他人の画面のテスト 他人の投稿編集画面 遷移できず、投稿一覧画面にリダイレクトされる","      \u001b[31mFailure/Error: \u001b[0m\u001b[32mexpect\u001b[0m(current_path).to eq \u001b[31m\u001b[1;31m'\u001b[0m\u001b[31m/books\u001b[1;31m'\u001b[0m\u001b[31m\u001b[0m\u001b[0m","      \u001b[31m\u001b[0m","      \u001b[31m  expected: \"/books\"\u001b[0m","      \u001b[31m       got: \"/books/2/edit\"\u001b[0m","      \u001b[31m\u001b[0m","      \u001b[31m  (compared using ==)\u001b[0m","      \u001b[31m\u001b[0m","      \u001b[31m\u001b[0m","      \u001b[31m\u001b[0m","      \u001b[36m# ./spec/system/03_finishing_touches_spec.rb:263:in `block (4 levels) in <main>'\u001b[0m","","  11) [STEP3] 仕上げのテスト 他人の画面のテスト 他人のユーザ詳細画面のテスト サイドバーの確認 他人のユーザ編集画面へのリンクが存在する","      \u001b[31mFailure/Error: \u001b[0m\u001b[32mexpect\u001b[0m(page).to have_link \u001b[31m\u001b[1;31m'\u001b[0m\u001b[31m\u001b[1;31m'\u001b[0m\u001b[31m\u001b[0m, \u001b[35mhref\u001b[0m: edit_user_path(other_user)\u001b[0m","      \u001b[31m  expected to find link \"\" with href \"/users/1/edit\" but there were no matches\u001b[0m","      \u001b[31m\u001b[0m","      \u001b[31m\u001b[0m","      \u001b[31m\u001b[0m","      \u001b[36m# ./spec/system/03_finishing_touches_spec.rb:297:in `block (5 levels) in <main>'\u001b[0m","","  12) [STEP3] 仕上げのテスト 他人の画面のテスト 他人のユーザ情報編集画面 遷移できず、自分のユーザ詳細画面にリダイレクトされる","      \u001b[31mFailure/Error: \u001b[0m\u001b[32mexpect\u001b[0m(current_path).to eq \u001b[31m\u001b[1;31m'\u001b[0m\u001b[31m/users/\u001b[1;31m'\u001b[0m\u001b[31m\u001b[0m + user.id.to_s\u001b[0m","      \u001b[31m\u001b[0m","      \u001b[31m  expected: \"/users/2\"\u001b[0m","      \u001b[31m       got: \"/users/1/edit\"\u001b[0m","      \u001b[31m\u001b[0m","      \u001b[31m  (compared using ==)\u001b[0m","      \u001b[31m\u001b[0m","      \u001b[31m\u001b[0m","      \u001b[31m\u001b[0m","      \u001b[36m# ./spec/system/03_finishing_touches_spec.rb:312:in `block (4 levels) in <main>'\u001b[0m","","  13) [STEP3] 仕上げのテスト アイコンのテスト アバウト画面 本のアイコンが表示される","      \u001b[31mFailure/Error: \u001b[0mvisit \u001b[31m\u001b[1;31m'\u001b[0m\u001b[31m/home/about\u001b[1;31m'\u001b[0m\u001b[31m\u001b[0m\u001b[0m","      \u001b[31m\u001b[0m","      \u001b[31mActionController::RoutingError:\u001b[0m","      \u001b[31m  No route matches [GET] \"/home/about\"\u001b[0m","      \u001b[31m\u001b[0m","      \u001b[31m\u001b[0m","      \u001b[31m\u001b[0m","      \u001b[36m# /home/ec2-user/.rvm/gems/ruby-2.6.3/gems/railties-5.2.4.4/lib/rails/rack/logger.rb:38:in `call_app'\u001b[0m","      \u001b[36m# /home/ec2-user/.rvm/gems/ruby-2.6.3/gems/railties-5.2.4.4/lib/rails/rack/logger.rb:26:in `block in call'\u001b[0m","      \u001b[36m# /home/ec2-user/.rvm/gems/ruby-2.6.3/gems/railties-5.2.4.4/lib/rails/rack/logger.rb:26:in `call'\u001b[0m","      \u001b[36m# /home/ec2-user/.rvm/gems/ruby-2.6.3/gems/rack-2.2.3/lib/rack/method_override.rb:24:in `call'\u001b[0m","      \u001b[36m# /home/ec2-user/.rvm/gems/ruby-2.6.3/gems/rack-2.2.3/lib/rack/runtime.rb:22:in `call'\u001b[0m","      \u001b[36m# /home/ec2-user/.rvm/gems/ruby-2.6.3/gems/rack-2.2.3/lib/rack/sendfile.rb:110:in `call'\u001b[0m","      \u001b[36m# /home/ec2-user/.rvm/gems/ruby-2.6.3/gems/railties-5.2.4.4/lib/rails/engine.rb:524:in `call'\u001b[0m","      \u001b[36m# /home/ec2-user/.rvm/gems/ruby-2.6.3/gems/rack-2.2.3/lib/rack/urlmap.rb:74:in `block in call'\u001b[0m","      \u001b[36m# /home/ec2-user/.rvm/gems/ruby-2.6.3/gems/rack-2.2.3/lib/rack/urlmap.rb:58:in `each'\u001b[0m","      \u001b[36m# /home/ec2-user/.rvm/gems/ruby-2.6.3/gems/rack-2.2.3/lib/rack/urlmap.rb:58:in `call'\u001b[0m","      \u001b[36m# /home/ec2-user/.rvm/gems/ruby-2.6.3/gems/rack-2.2.3/lib/rack/builder.rb:244:in `call'\u001b[0m","      \u001b[36m# /home/ec2-user/.rvm/gems/ruby-2.6.3/gems/rack-test-1.1.0/lib/rack/mock_session.rb:29:in `request'\u001b[0m","      \u001b[36m# /home/ec2-user/.rvm/gems/ruby-2.6.3/gems/rack-test-1.1.0/lib/rack/test.rb:266:in `process_request'\u001b[0m","      \u001b[36m# /home/ec2-user/.rvm/gems/ruby-2.6.3/gems/rack-test-1.1.0/lib/rack/test.rb:129:in `custom_request'\u001b[0m","      \u001b[36m# /home/ec2-user/.rvm/gems/ruby-2.6.3/gems/rack-test-1.1.0/lib/rack/test.rb:58:in `get'\u001b[0m","      \u001b[36m# /home/ec2-user/.rvm/gems/ruby-2.6.3/gems/capybara-3.33.0/lib/capybara/rack_test/browser.rb:70:in `process'\u001b[0m","      \u001b[36m# /home/ec2-user/.rvm/gems/ruby-2.6.3/gems/capybara-3.33.0/lib/capybara/rack_test/browser.rb:45:in `process_and_follow_redirects'\u001b[0m","      \u001b[36m# /home/ec2-user/.rvm/gems/ruby-2.6.3/gems/capybara-3.33.0/lib/capybara/rack_test/browser.rb:23:in `visit'\u001b[0m","      \u001b[36m# /home/ec2-user/.rvm/gems/ruby-2.6.3/gems/capybara-3.33.0/lib/capybara/rack_test/driver.rb:45:in `visit'\u001b[0m","      \u001b[36m# /home/ec2-user/.rvm/gems/ruby-2.6.3/gems/capybara-3.33.0/lib/capybara/session.rb:278:in `visit'\u001b[0m","      \u001b[36m# /home/ec2-user/.rvm/gems/ruby-2.6.3/gems/capybara-3.33.0/lib/capybara/dsl.rb:58:in `block (2 levels) in <module:DSL>'\u001b[0m","      \u001b[36m# ./spec/system/03_finishing_touches_spec.rb:366:in `block (4 levels) in <main>'\u001b[0m","","Finished in 14.94 seconds (files took 1.37 seconds to load)","\u001b[31m197 examples, 13 failures\u001b[0m","","Failed examples:","","\u001b[31mrspec ./spec/system/01_before_login_spec.rb:38\u001b[0m \u001b[36m# [STEP1] ユーザログイン前のテスト アバウト画面のテスト 表示内容の確認 URLが正しい\u001b[0m","\u001b[31mrspec ./spec/system/01_before_login_spec.rb:81\u001b[0m \u001b[36m# [STEP1] ユーザログイン前のテスト ヘッダーのテスト: ログインしていない場合 リンクの内容を確認 Aboutを押すと、アバウト画面に遷移する\u001b[0m","\u001b[31mrspec ./spec/system/01_before_login_spec.rb:249\u001b[0m \u001b[36m# [STEP1] ユーザログイン前のテスト ユーザログアウトのテスト ログアウト機能のテスト 正しくログアウトできている: ログアウト後のリダイレクト先においてAbout画面へのリンクが存在する\u001b[0m","\u001b[31mrspec ./spec/system/02_after_login_spec.rb:235\u001b[0m \u001b[36m# [STEP2] ユーザログイン後のテスト 自分の投稿編集画面のテスト 編集成功のテスト titleが正しく更新される\u001b[0m","\u001b[31mrspec ./spec/system/02_after_login_spec.rb:238\u001b[0m \u001b[36m# [STEP2] ユーザログイン後のテスト 自分の投稿編集画面のテスト 編集成功のテスト bodyが正しく更新される\u001b[0m","\u001b[31mrspec ./spec/system/02_after_login_spec.rb:241\u001b[0m \u001b[36m# [STEP2] ユーザログイン後のテスト 自分の投稿編集画面のテスト 編集成功のテスト リダイレクト先が、更新した投稿の詳細画面になっている\u001b[0m","\u001b[31mrspec ./spec/system/02_after_login_spec.rb:388\u001b[0m \u001b[36m# [STEP2] ユーザログイン後のテスト 自分のユーザ情報編集画面のテスト 更新成功のテスト introductionが正しく更新される\u001b[0m","\u001b[31mrspec ./spec/system/03_finishing_touches_spec.rb:58\u001b[0m \u001b[36m# [STEP3] 仕上げのテスト サクセスメッセージのテスト 投稿データの更新成功時"]},{"start":{"row":413,"column":103},"end":{"row":427,"column":131},"action":"insert","lines":["23:in `visit'\u001b[0m","     \u001b[36m# /home/ec2-user/.rvm/gems/ruby-2.6.3/gems/capybara-3.33.0/lib/capybara/rack_test/driver.rb:45:in `visit'\u001b[0m","     \u001b[36m# /home/ec2-user/.rvm/gems/ruby-2.6.3/gems/capybara-3.33.0/lib/capybara/session.rb:278:in `visit'\u001b[0m","     \u001b[36m# /home/ec2-user/.rvm/gems/ruby-2.6.3/gems/capybara-3.33.0/lib/capybara/dsl.rb:58:in `block (2 levels) in <module:DSL>'\u001b[0m","     \u001b[36m# ./spec/system/03_finishing_touches_spec.rb:366:in `block (4 levels) in <main>'\u001b[0m","","Finished in 14.76 seconds (files took 1.37 seconds to load)","\u001b[31m197 examples, 9 failures\u001b[0m","","Failed examples:","","\u001b[31mrspec ./spec/system/01_before_login_spec.rb:38\u001b[0m \u001b[36m# [STEP1] ユーザログイン前のテスト アバウト画面のテスト 表示内容の確認 URLが正しい\u001b[0m","\u001b[31mrspec ./spec/system/01_before_login_spec.rb:81\u001b[0m \u001b[36m# [STEP1] ユーザログイン前のテスト ヘッダーのテスト: ログインしていない場合 リンクの内容を確認 Aboutを押すと、アバウト画面に遷移する\u001b[0m","\u001b[31mrspec ./spec/system/01_before_login_spec.rb:249\u001b[0m \u001b[36m# [STEP1] ユーザログイン前のテスト ユーザログアウトのテスト ログアウト機能のテスト 正し���ログアウトできている: ログアウト後のリダイレクト先においてAbout画面へのリンクが存在する\u001b[0m","\u001b[31mrspec ./spec/system/02_after_login_spec.rb:388\u001b[0m \u001b[36m# [STEP2] ユーザログイン後のテスト 自分のユーザ情報編集画面のテスト 更新成功のテスト introductionが正しく更新される"]}]]},"ace":{"folds":[],"scrolltop":2119.5,"scrollleft":3,"selection":{"start":{"row":260,"column":19},"end":{"row":260,"column":19},"isBackwards":false},"options":{"guessTabSize":true,"useWrapMode":false,"wrapToView":true},"firstLineState":0},"timestamp":1605930680027,"hash":"68d73b713d28373a0c25787f7f5fc3eba81f336a"}